<?xml version="1.0" encoding="UTF-8"?>
<!-- Generated by org.testng.reporters.JUnitReportReporter -->
<testsuite hostname="DESKTOP-45P36GI" failures="0" tests="1" name="MyTests.SwagLabsLogoutPageTest" time="4.157" errors="0" timestamp="2022-01-09T01:43:03 EST" skipped="0">
  <testcase classname="MyTests.SwagLabsLogoutPageTest" name="logout" time="4.157"/>
  <system-out/>
</testsuite> <!-- MyTests.SwagLabsLogoutPageTest -->
