<?xml version="1.0" encoding="UTF-8"?>
<!-- Generated by org.testng.reporters.JUnitReportReporter -->
<testsuite hostname="DESKTOP-45P36GI" failures="0" tests="4" name="MyTests.SwagLabsLoginPageTest" time="12.424" errors="0" timestamp="2022-01-09T01:43:03 EST" skipped="0">
  <testcase classname="MyTests.SwagLabsLoginPageTest" name="verifyTitle" time="3.472"/>
  <system-out/>
  <testcase classname="MyTests.SwagLabsLoginPageTest" name="loginLogoPresent" time="2.665"/>
  <system-out/>
  <testcase classname="MyTests.SwagLabsLoginPageTest" name="verifyLoginBotLogo" time="2.665"/>
  <system-out/>
  <testcase classname="MyTests.SwagLabsLoginPageTest" name="login" time="3.622"/>
  <system-out/>
</testsuite> <!-- MyTests.SwagLabsLoginPageTest -->
