<?xml version="1.0" encoding="UTF-8"?>
<!-- Generated by org.testng.reporters.JUnitReportReporter -->
<testsuite hostname="DESKTOP-45P36GI" failures="0" tests="4" name="learntestng.SwagLabsLoginPageTest_Case2" time="0.745" errors="0" timestamp="2022-01-08T21:56:50 EST" skipped="0">
  <testcase classname="learntestng.SwagLabsLoginPageTest_Case2" name="verifyTitle" time="0.018"/>
  <system-out/>
  <testcase classname="learntestng.SwagLabsLoginPageTest_Case2" name="loginLogoPresent" time="0.061"/>
  <system-out/>
  <testcase classname="learntestng.SwagLabsLoginPageTest_Case2" name="verifyLoginBotLogo" time="0.062"/>
  <system-out/>
  <testcase classname="learntestng.SwagLabsLoginPageTest_Case2" name="login" time="0.604"/>
  <system-out/>
</testsuite> <!-- learntestng.SwagLabsLoginPageTest_Case2 -->
