<?xml version="1.0" encoding="UTF-8"?>
<!-- Generated by org.testng.reporters.JUnitReportReporter -->
<testsuite hostname="DESKTOP-45P36GI" failures="0" tests="4" name="MyTests.SwagLabsLoginPageTest_Case2" time="0.843" errors="0" timestamp="2022-01-09T01:24:30 EST" skipped="0">
  <testcase classname="MyTests.SwagLabsLoginPageTest_Case2" name="verifyTitle" time="0.007"/>
  <system-out/>
  <testcase classname="MyTests.SwagLabsLoginPageTest_Case2" name="loginLogoPresent" time="0.051"/>
  <system-out/>
  <testcase classname="MyTests.SwagLabsLoginPageTest_Case2" name="verifyLoginBotLogo" time="0.061"/>
  <system-out/>
  <testcase classname="MyTests.SwagLabsLoginPageTest_Case2" name="login" time="0.724"/>
  <system-out/>
</testsuite> <!-- MyTests.SwagLabsLoginPageTest_Case2 -->
