<?xml version="1.0" encoding="UTF-8"?>
<!-- Generated by org.testng.reporters.JUnitReportReporter -->
<testsuite hostname="DESKTOP-45P36GI" failures="0" tests="1" name="learntestng.LockedOutUserTest" time="4.008" errors="0" timestamp="2022-01-09T01:06:35 EST" skipped="0">
  <testcase classname="learntestng.LockedOutUserTest" name="lockedOutUserTest" time="4.008"/>
  <system-out/>
</testsuite> <!-- learntestng.LockedOutUserTest -->
