<?xml version="1.0" encoding="UTF-8"?>
<!-- Generated by org.testng.reporters.JUnitReportReporter -->
<testsuite hostname="DESKTOP-45P36GI" failures="0" tests="4" name="learntestng.SwagLabsLoginPageTest" time="11.110" errors="0" timestamp="2022-01-08T22:03:00 EST" skipped="0">
  <testcase classname="learntestng.SwagLabsLoginPageTest" name="verifyTitle" time="2.472"/>
  <system-out/>
  <testcase classname="learntestng.SwagLabsLoginPageTest" name="loginLogoPresent" time="2.457"/>
  <system-out/>
  <testcase classname="learntestng.SwagLabsLoginPageTest" name="verifyLoginBotLogo" time="3.278"/>
  <system-out/>
  <testcase classname="learntestng.SwagLabsLoginPageTest" name="login" time="2.903"/>
  <system-out/>
</testsuite> <!-- learntestng.SwagLabsLoginPageTest -->
