<?xml version="1.0" encoding="UTF-8"?>
<!-- Generated by org.testng.reporters.JUnitReportReporter -->
<testsuite hostname="DESKTOP-45P36GI" failures="0" tests="1" name="learntestng.PerformanceGlitchUser" time="9.355" errors="0" timestamp="2022-01-09T01:12:08 EST" skipped="0">
  <testcase classname="learntestng.PerformanceGlitchUser" name="lockedOutUserTest" time="9.355"/>
  <system-out/>
</testsuite> <!-- learntestng.PerformanceGlitchUser -->
