<?xml version="1.0" encoding="UTF-8"?>
<!-- Generated by org.testng.reporters.JUnitReportReporter -->
<testsuite hostname="DESKTOP-45P36GI" failures="0" tests="1" name="MyTests.LockedOutUserTest" time="3.249" errors="0" timestamp="2022-01-09T01:24:30 EST" skipped="0">
  <testcase classname="MyTests.LockedOutUserTest" name="lockedOutUserTest" time="3.249"/>
  <system-out/>
</testsuite> <!-- MyTests.LockedOutUserTest -->
