<?xml version="1.0" encoding="UTF-8"?>
<!-- Generated by org.testng.reporters.JUnitReportReporter -->
<testsuite hostname="DESKTOP-45P36GI" failures="0" tests="1" name="learntestng.SwagLabsLogoutPageTest" time="4.961" errors="0" timestamp="2022-01-09T01:00:54 EST" skipped="0">
  <testcase classname="learntestng.SwagLabsLogoutPageTest" name="logout" time="4.961"/>
  <system-out/>
</testsuite> <!-- learntestng.SwagLabsLogoutPageTest -->
